Analysis & Synthesis report for IO_Handler
Thu May 23 14:59:17 2024
Quartus Prime Version 18.1.0 Build 625 09/12/2018 SJ Lite Edition


---------------------
; Table of Contents ;
---------------------
  1. Legal Notice
  2. Analysis & Synthesis Summary
  3. Analysis & Synthesis Settings
  4. Parallel Compilation
  5. Analysis & Synthesis Source Files Read
  6. Analysis & Synthesis Resource Usage Summary
  7. Analysis & Synthesis Resource Utilization by Entity
  8. Analysis & Synthesis RAM Summary
  9. Analysis & Synthesis DSP Block Usage Summary
 10. State Machine - |IO_Handler|UART_Rx:uart_rx1|state
 11. State Machine - |IO_Handler|UART_Tx:uart_tx1|state
 12. Registers Removed During Synthesis
 13. General Register Statistics
 14. Inverted Register Statistics
 15. Registers Added for RAM Pass-Through Logic
 16. Multiplexer Restructuring Statistics (Restructuring Performed)
 17. Source assignments for Simple22:cpu|altsyncram:instructions_rtl_0|altsyncram_48d1:auto_generated
 18. Source assignments for Simple22:cpu|altsyncram:RAM_rtl_0|altsyncram_u4h1:auto_generated
 19. Parameter Settings for Inferred Entity Instance: Simple22:cpu|altsyncram:instructions_rtl_0
 20. Parameter Settings for Inferred Entity Instance: Simple22:cpu|altsyncram:RAM_rtl_0
 21. Parameter Settings for Inferred Entity Instance: Simple22:cpu|lpm_mult:Mult0
 22. Parameter Settings for Inferred Entity Instance: Simple22:cpu|lpm_divide:Div0
 23. altsyncram Parameter Settings by Entity Instance
 24. lpm_mult Parameter Settings by Entity Instance
 25. Post-Synthesis Netlist Statistics for Top Partition
 26. Elapsed Time Per Partition
 27. Analysis & Synthesis Messages
 28. Analysis & Synthesis Suppressed Messages



----------------
; Legal Notice ;
----------------
Copyright (C) 2018  Intel Corporation. All rights reserved.
Your use of Intel Corporation's design tools, logic functions 
and other software and tools, and its AMPP partner logic 
functions, and any output files from any of the foregoing 
(including device programming or simulation files), and any 
associated documentation or information are expressly subject 
to the terms and conditions of the Intel Program License 
Subscription Agreement, the Intel Quartus Prime License Agreement,
the Intel FPGA IP License Agreement, or other applicable license
agreement, including, without limitation, that your use is for
the sole purpose of programming logic devices manufactured by
Intel and sold by Intel or its authorized distributors.  Please
refer to the applicable agreement for further details.



+----------------------------------------------------------------------------------+
; Analysis & Synthesis Summary                                                     ;
+------------------------------------+---------------------------------------------+
; Analysis & Synthesis Status        ; Successful - Thu May 23 14:59:17 2024       ;
; Quartus Prime Version              ; 18.1.0 Build 625 09/12/2018 SJ Lite Edition ;
; Revision Name                      ; IO_Handler                                  ;
; Top-level Entity Name              ; IO_Handler                                  ;
; Family                             ; Cyclone IV E                                ;
; Total logic elements               ; 2,684                                       ;
;     Total combinational functions  ; 2,356                                       ;
;     Dedicated logic registers      ; 584                                         ;
; Total registers                    ; 584                                         ;
; Total pins                         ; 3                                           ;
; Total virtual pins                 ; 0                                           ;
; Total memory bits                  ; 64,000                                      ;
; Embedded Multiplier 9-bit elements ; 6                                           ;
; Total PLLs                         ; 0                                           ;
+------------------------------------+---------------------------------------------+


+------------------------------------------------------------------------------------------------------------+
; Analysis & Synthesis Settings                                                                              ;
+------------------------------------------------------------------+--------------------+--------------------+
; Option                                                           ; Setting            ; Default Value      ;
+------------------------------------------------------------------+--------------------+--------------------+
; Device                                                           ; EP4CE115F29C7      ;                    ;
; Top-level entity name                                            ; IO_Handler         ; IO_Handler         ;
; Family name                                                      ; Cyclone IV E       ; Cyclone V          ;
; Use smart compilation                                            ; Off                ; Off                ;
; Enable parallel Assembler and Timing Analyzer during compilation ; On                 ; On                 ;
; Enable compact report table                                      ; Off                ; Off                ;
; Restructure Multiplexers                                         ; Auto               ; Auto               ;
; Create Debugging Nodes for IP Cores                              ; Off                ; Off                ;
; Preserve fewer node names                                        ; On                 ; On                 ;
; Intel FPGA IP Evaluation Mode                                    ; Enable             ; Enable             ;
; Verilog Version                                                  ; Verilog_2001       ; Verilog_2001       ;
; VHDL Version                                                     ; VHDL_1993          ; VHDL_1993          ;
; State Machine Processing                                         ; Auto               ; Auto               ;
; Safe State Machine                                               ; Off                ; Off                ;
; Extract Verilog State Machines                                   ; On                 ; On                 ;
; Extract VHDL State Machines                                      ; On                 ; On                 ;
; Ignore Verilog initial constructs                                ; Off                ; Off                ;
; Iteration limit for constant Verilog loops                       ; 5000               ; 5000               ;
; Iteration limit for non-constant Verilog loops                   ; 250                ; 250                ;
; Add Pass-Through Logic to Inferred RAMs                          ; On                 ; On                 ;
; Infer RAMs from Raw Logic                                        ; On                 ; On                 ;
; Parallel Synthesis                                               ; On                 ; On                 ;
; DSP Block Balancing                                              ; Auto               ; Auto               ;
; NOT Gate Push-Back                                               ; On                 ; On                 ;
; Power-Up Don't Care                                              ; On                 ; On                 ;
; Remove Redundant Logic Cells                                     ; Off                ; Off                ;
; Remove Duplicate Registers                                       ; On                 ; On                 ;
; Ignore CARRY Buffers                                             ; Off                ; Off                ;
; Ignore CASCADE Buffers                                           ; Off                ; Off                ;
; Ignore GLOBAL Buffers                                            ; Off                ; Off                ;
; Ignore ROW GLOBAL Buffers                                        ; Off                ; Off                ;
; Ignore LCELL Buffers                                             ; Off                ; Off                ;
; Ignore SOFT Buffers                                              ; On                 ; On                 ;
; Limit AHDL Integers to 32 Bits                                   ; Off                ; Off                ;
; Optimization Technique                                           ; Balanced           ; Balanced           ;
; Carry Chain Length                                               ; 70                 ; 70                 ;
; Auto Carry Chains                                                ; On                 ; On                 ;
; Auto Open-Drain Pins                                             ; On                 ; On                 ;
; Perform WYSIWYG Primitive Resynthesis                            ; Off                ; Off                ;
; Auto ROM Replacement                                             ; On                 ; On                 ;
; Auto RAM Replacement                                             ; On                 ; On                 ;
; Auto DSP Block Replacement                                       ; On                 ; On                 ;
; Auto Shift Register Replacement                                  ; Auto               ; Auto               ;
; Allow Shift Register Merging across Hierarchies                  ; Auto               ; Auto               ;
; Auto Clock Enable Replacement                                    ; On                 ; On                 ;
; Strict RAM Replacement                                           ; Off                ; Off                ;
; Allow Synchronous Control Signals                                ; On                 ; On                 ;
; Force Use of Synchronous Clear Signals                           ; Off                ; Off                ;
; Auto RAM Block Balancing                                         ; On                 ; On                 ;
; Auto RAM to Logic Cell Conversion                                ; Off                ; Off                ;
; Auto Resource Sharing                                            ; Off                ; Off                ;
; Allow Any RAM Size For Recognition                               ; Off                ; Off                ;
; Allow Any ROM Size For Recognition                               ; Off                ; Off                ;
; Allow Any Shift Register Size For Recognition                    ; Off                ; Off                ;
; Use LogicLock Constraints during Resource Balancing              ; On                 ; On                 ;
; Ignore translate_off and synthesis_off directives                ; Off                ; Off                ;
; Timing-Driven Synthesis                                          ; On                 ; On                 ;
; Report Parameter Settings                                        ; On                 ; On                 ;
; Report Source Assignments                                        ; On                 ; On                 ;
; Report Connectivity Checks                                       ; On                 ; On                 ;
; Ignore Maximum Fan-Out Assignments                               ; Off                ; Off                ;
; Synchronization Register Chain Length                            ; 2                  ; 2                  ;
; Power Optimization During Synthesis                              ; Normal compilation ; Normal compilation ;
; HDL message level                                                ; Level2             ; Level2             ;
; Suppress Register Optimization Related Messages                  ; Off                ; Off                ;
; Number of Removed Registers Reported in Synthesis Report         ; 5000               ; 5000               ;
; Number of Swept Nodes Reported in Synthesis Report               ; 5000               ; 5000               ;
; Number of Inverted Registers Reported in Synthesis Report        ; 100                ; 100                ;
; Clock MUX Protection                                             ; On                 ; On                 ;
; Auto Gated Clock Conversion                                      ; Off                ; Off                ;
; Block Design Naming                                              ; Auto               ; Auto               ;
; SDC constraint protection                                        ; Off                ; Off                ;
; Synthesis Effort                                                 ; Auto               ; Auto               ;
; Shift Register Replacement - Allow Asynchronous Clear Signal     ; On                 ; On                 ;
; Pre-Mapping Resynthesis Optimization                             ; Off                ; Off                ;
; Analysis & Synthesis Message Level                               ; Medium             ; Medium             ;
; Disable Register Merging Across Hierarchies                      ; Auto               ; Auto               ;
; Resource Aware Inference For Block RAM                           ; On                 ; On                 ;
+------------------------------------------------------------------+--------------------+--------------------+


+------------------------------------------+
; Parallel Compilation                     ;
+----------------------------+-------------+
; Processors                 ; Number      ;
+----------------------------+-------------+
; Number detected on machine ; 8           ;
; Maximum allowed            ; 4           ;
;                            ;             ;
; Average used               ; 1.00        ;
; Maximum used               ; 4           ;
;                            ;             ;
; Usage by Processor         ; % Time Used ;
;     Processor 1            ; 100.0%      ;
;     Processor 2            ;   0.1%      ;
;     Processor 3            ;   0.1%      ;
;     Processor 4            ;   0.1%      ;
+----------------------------+-------------+


+-------------------------------------------------------------------------------------------------------------------------------------------------------------------------------+
; Analysis & Synthesis Source Files Read                                                                                                                                        ;
+----------------------------------+-----------------+------------------------------+---------------------------------------------------------------------------------+---------+
; File Name with User-Entered Path ; Used in Netlist ; File Type                    ; File Name with Absolute Path                                                    ; Library ;
+----------------------------------+-----------------+------------------------------+---------------------------------------------------------------------------------+---------+
; UART_Tx.v                        ; yes             ; User Verilog HDL File        ; D:/Programming/HDL/Verilog/Simple22/Simple22-Verilog/UART_Tx.v                  ;         ;
; IO_Handler.v                     ; yes             ; User Verilog HDL File        ; D:/Programming/HDL/Verilog/Simple22/Simple22-Verilog/IO_Handler.v               ;         ;
; Simple22.v                       ; yes             ; User Verilog HDL File        ; D:/Programming/HDL/Verilog/Simple22/Simple22-Verilog/Simple22.v                 ;         ;
; Preprocessors.v                  ; yes             ; User Verilog HDL File        ; D:/Programming/HDL/Verilog/Simple22/Simple22-Verilog/Preprocessors.v            ;         ;
; UART_Rx.v                        ; yes             ; User Verilog HDL File        ; D:/Programming/HDL/Verilog/Simple22/Simple22-Verilog/UART_Rx.v                  ;         ;
; altsyncram.tdf                   ; yes             ; Megafunction                 ; c:/intelfpga_lite/18.1/quartus/libraries/megafunctions/altsyncram.tdf           ;         ;
; stratix_ram_block.inc            ; yes             ; Megafunction                 ; c:/intelfpga_lite/18.1/quartus/libraries/megafunctions/stratix_ram_block.inc    ;         ;
; lpm_mux.inc                      ; yes             ; Megafunction                 ; c:/intelfpga_lite/18.1/quartus/libraries/megafunctions/lpm_mux.inc              ;         ;
; lpm_decode.inc                   ; yes             ; Megafunction                 ; c:/intelfpga_lite/18.1/quartus/libraries/megafunctions/lpm_decode.inc           ;         ;
; aglobal181.inc                   ; yes             ; Megafunction                 ; c:/intelfpga_lite/18.1/quartus/libraries/megafunctions/aglobal181.inc           ;         ;
; a_rdenreg.inc                    ; yes             ; Megafunction                 ; c:/intelfpga_lite/18.1/quartus/libraries/megafunctions/a_rdenreg.inc            ;         ;
; altrom.inc                       ; yes             ; Megafunction                 ; c:/intelfpga_lite/18.1/quartus/libraries/megafunctions/altrom.inc               ;         ;
; altram.inc                       ; yes             ; Megafunction                 ; c:/intelfpga_lite/18.1/quartus/libraries/megafunctions/altram.inc               ;         ;
; altdpram.inc                     ; yes             ; Megafunction                 ; c:/intelfpga_lite/18.1/quartus/libraries/megafunctions/altdpram.inc             ;         ;
; db/altsyncram_48d1.tdf           ; yes             ; Auto-Generated Megafunction  ; D:/Programming/HDL/Verilog/Simple22/Simple22-Verilog/db/altsyncram_48d1.tdf     ;         ;
; db/altsyncram_u4h1.tdf           ; yes             ; Auto-Generated Megafunction  ; D:/Programming/HDL/Verilog/Simple22/Simple22-Verilog/db/altsyncram_u4h1.tdf     ;         ;
; lpm_mult.tdf                     ; yes             ; Megafunction                 ; c:/intelfpga_lite/18.1/quartus/libraries/megafunctions/lpm_mult.tdf             ;         ;
; lpm_add_sub.inc                  ; yes             ; Megafunction                 ; c:/intelfpga_lite/18.1/quartus/libraries/megafunctions/lpm_add_sub.inc          ;         ;
; multcore.inc                     ; yes             ; Megafunction                 ; c:/intelfpga_lite/18.1/quartus/libraries/megafunctions/multcore.inc             ;         ;
; bypassff.inc                     ; yes             ; Megafunction                 ; c:/intelfpga_lite/18.1/quartus/libraries/megafunctions/bypassff.inc             ;         ;
; altshift.inc                     ; yes             ; Megafunction                 ; c:/intelfpga_lite/18.1/quartus/libraries/megafunctions/altshift.inc             ;         ;
; db/mult_7dt.tdf                  ; yes             ; Auto-Generated Megafunction  ; D:/Programming/HDL/Verilog/Simple22/Simple22-Verilog/db/mult_7dt.tdf            ;         ;
; lpm_divide.tdf                   ; yes             ; Megafunction                 ; c:/intelfpga_lite/18.1/quartus/libraries/megafunctions/lpm_divide.tdf           ;         ;
; abs_divider.inc                  ; yes             ; Megafunction                 ; c:/intelfpga_lite/18.1/quartus/libraries/megafunctions/abs_divider.inc          ;         ;
; sign_div_unsign.inc              ; yes             ; Megafunction                 ; c:/intelfpga_lite/18.1/quartus/libraries/megafunctions/sign_div_unsign.inc      ;         ;
; db/lpm_divide_hkm.tdf            ; yes             ; Auto-Generated Megafunction  ; D:/Programming/HDL/Verilog/Simple22/Simple22-Verilog/db/lpm_divide_hkm.tdf      ;         ;
; db/sign_div_unsign_9nh.tdf       ; yes             ; Auto-Generated Megafunction  ; D:/Programming/HDL/Verilog/Simple22/Simple22-Verilog/db/sign_div_unsign_9nh.tdf ;         ;
; db/alt_u_div_6af.tdf             ; yes             ; Auto-Generated Megafunction  ; D:/Programming/HDL/Verilog/Simple22/Simple22-Verilog/db/alt_u_div_6af.tdf       ;         ;
; db/add_sub_7pc.tdf               ; yes             ; Auto-Generated Megafunction  ; D:/Programming/HDL/Verilog/Simple22/Simple22-Verilog/db/add_sub_7pc.tdf         ;         ;
; db/add_sub_8pc.tdf               ; yes             ; Auto-Generated Megafunction  ; D:/Programming/HDL/Verilog/Simple22/Simple22-Verilog/db/add_sub_8pc.tdf         ;         ;
+----------------------------------+-----------------+------------------------------+---------------------------------------------------------------------------------+---------+


+---------------------------------------------------------+
; Analysis & Synthesis Resource Usage Summary             ;
+---------------------------------------------+-----------+
; Resource                                    ; Usage     ;
+---------------------------------------------+-----------+
; Estimated Total logic elements              ; 2,684     ;
;                                             ;           ;
; Total combinational functions               ; 2356      ;
; Logic element usage by number of LUT inputs ;           ;
;     -- 4 input functions                    ; 1208      ;
;     -- 3 input functions                    ; 908       ;
;     -- <=2 input functions                  ; 240       ;
;                                             ;           ;
; Logic elements by mode                      ;           ;
;     -- normal mode                          ; 1605      ;
;     -- arithmetic mode                      ; 751       ;
;                                             ;           ;
; Total registers                             ; 584       ;
;     -- Dedicated logic registers            ; 584       ;
;     -- I/O registers                        ; 0         ;
;                                             ;           ;
; I/O pins                                    ; 3         ;
; Total memory bits                           ; 64000     ;
;                                             ;           ;
; Embedded Multiplier 9-bit elements          ; 6         ;
;                                             ;           ;
; Maximum fan-out node                        ; clk~input ;
; Maximum fan-out                             ; 580       ;
; Total fan-out                               ; 11310     ;
; Average fan-out                             ; 3.75      ;
+---------------------------------------------+-----------+


+------------------------------------------------------------------------------------------------------------------------------------------------------------------------------------------------------------------------------------------------------------------------------------------------------------------------------------------------------------+
; Analysis & Synthesis Resource Utilization by Entity                                                                                                                                                                                                                                                                                                        ;
+-------------------------------------------+---------------------+---------------------------+-------------+--------------+---------+-----------+------+--------------+------------------------------------------------------------------------------------------------------------------------------------------------+---------------------+--------------+
; Compilation Hierarchy Node                ; Combinational ALUTs ; Dedicated Logic Registers ; Memory Bits ; DSP Elements ; DSP 9x9 ; DSP 18x18 ; Pins ; Virtual Pins ; Full Hierarchy Name                                                                                                                            ; Entity Name         ; Library Name ;
+-------------------------------------------+---------------------+---------------------------+-------------+--------------+---------+-----------+------+--------------+------------------------------------------------------------------------------------------------------------------------------------------------+---------------------+--------------+
; |IO_Handler                               ; 2356 (90)           ; 584 (68)                  ; 64000       ; 6            ; 0       ; 3         ; 3    ; 0            ; |IO_Handler                                                                                                                                    ; IO_Handler          ; work         ;
;    |Simple22:cpu|                         ; 2127 (983)          ; 450 (450)                 ; 64000       ; 6            ; 0       ; 3         ; 0    ; 0            ; |IO_Handler|Simple22:cpu                                                                                                                       ; Simple22            ; work         ;
;       |altsyncram:RAM_rtl_0|              ; 0 (0)               ; 0 (0)                     ; 32000       ; 0            ; 0       ; 0         ; 0    ; 0            ; |IO_Handler|Simple22:cpu|altsyncram:RAM_rtl_0                                                                                                  ; altsyncram          ; work         ;
;          |altsyncram_u4h1:auto_generated| ; 0 (0)               ; 0 (0)                     ; 32000       ; 0            ; 0       ; 0         ; 0    ; 0            ; |IO_Handler|Simple22:cpu|altsyncram:RAM_rtl_0|altsyncram_u4h1:auto_generated                                                                   ; altsyncram_u4h1     ; work         ;
;       |altsyncram:instructions_rtl_0|     ; 0 (0)               ; 0 (0)                     ; 32000       ; 0            ; 0       ; 0         ; 0    ; 0            ; |IO_Handler|Simple22:cpu|altsyncram:instructions_rtl_0                                                                                         ; altsyncram          ; work         ;
;          |altsyncram_48d1:auto_generated| ; 0 (0)               ; 0 (0)                     ; 32000       ; 0            ; 0       ; 0         ; 0    ; 0            ; |IO_Handler|Simple22:cpu|altsyncram:instructions_rtl_0|altsyncram_48d1:auto_generated                                                          ; altsyncram_48d1     ; work         ;
;       |lpm_divide:Div0|                   ; 1116 (0)            ; 0 (0)                     ; 0           ; 0            ; 0       ; 0         ; 0    ; 0            ; |IO_Handler|Simple22:cpu|lpm_divide:Div0                                                                                                       ; lpm_divide          ; work         ;
;          |lpm_divide_hkm:auto_generated|  ; 1116 (0)            ; 0 (0)                     ; 0           ; 0            ; 0       ; 0         ; 0    ; 0            ; |IO_Handler|Simple22:cpu|lpm_divide:Div0|lpm_divide_hkm:auto_generated                                                                         ; lpm_divide_hkm      ; work         ;
;             |sign_div_unsign_9nh:divider| ; 1116 (0)            ; 0 (0)                     ; 0           ; 0            ; 0       ; 0         ; 0    ; 0            ; |IO_Handler|Simple22:cpu|lpm_divide:Div0|lpm_divide_hkm:auto_generated|sign_div_unsign_9nh:divider                                             ; sign_div_unsign_9nh ; work         ;
;                |alt_u_div_6af:divider|    ; 1116 (1115)         ; 0 (0)                     ; 0           ; 0            ; 0       ; 0         ; 0    ; 0            ; |IO_Handler|Simple22:cpu|lpm_divide:Div0|lpm_divide_hkm:auto_generated|sign_div_unsign_9nh:divider|alt_u_div_6af:divider                       ; alt_u_div_6af       ; work         ;
;                   |add_sub_8pc:add_sub_1| ; 1 (1)               ; 0 (0)                     ; 0           ; 0            ; 0       ; 0         ; 0    ; 0            ; |IO_Handler|Simple22:cpu|lpm_divide:Div0|lpm_divide_hkm:auto_generated|sign_div_unsign_9nh:divider|alt_u_div_6af:divider|add_sub_8pc:add_sub_1 ; add_sub_8pc         ; work         ;
;       |lpm_mult:Mult0|                    ; 28 (0)              ; 0 (0)                     ; 0           ; 6            ; 0       ; 3         ; 0    ; 0            ; |IO_Handler|Simple22:cpu|lpm_mult:Mult0                                                                                                        ; lpm_mult            ; work         ;
;          |mult_7dt:auto_generated|        ; 28 (28)             ; 0 (0)                     ; 0           ; 6            ; 0       ; 3         ; 0    ; 0            ; |IO_Handler|Simple22:cpu|lpm_mult:Mult0|mult_7dt:auto_generated                                                                                ; mult_7dt            ; work         ;
;    |UART_Rx:uart_rx1|                     ; 79 (79)             ; 34 (34)                   ; 0           ; 0            ; 0       ; 0         ; 0    ; 0            ; |IO_Handler|UART_Rx:uart_rx1                                                                                                                   ; UART_Rx             ; work         ;
;    |UART_Tx:uart_tx1|                     ; 60 (60)             ; 32 (32)                   ; 0           ; 0            ; 0       ; 0         ; 0    ; 0            ; |IO_Handler|UART_Tx:uart_tx1                                                                                                                   ; UART_Tx             ; work         ;
+-------------------------------------------+---------------------+---------------------------+-------------+--------------+---------+-----------+------+--------------+------------------------------------------------------------------------------------------------------------------------------------------------+---------------------+--------------+
Note: For table entries with two numbers listed, the numbers in parentheses indicate the number of resources of the given type used by the specific entity alone. The numbers listed outside of parentheses indicate the total resources of the given type used by the specific entity and all of its sub-entities in the hierarchy.


+-------------------------------------------------------------------------------------------------------------------------------------------------------------------------------------------+
; Analysis & Synthesis RAM Summary                                                                                                                                                          ;
+--------------------------------------------------------------------------------------+------+------------------+--------------+--------------+--------------+--------------+-------+------+
; Name                                                                                 ; Type ; Mode             ; Port A Depth ; Port A Width ; Port B Depth ; Port B Width ; Size  ; MIF  ;
+--------------------------------------------------------------------------------------+------+------------------+--------------+--------------+--------------+--------------+-------+------+
; Simple22:cpu|altsyncram:RAM_rtl_0|altsyncram_u4h1:auto_generated|ALTSYNCRAM          ; AUTO ; Simple Dual Port ; 1000         ; 32           ; 1000         ; 32           ; 32000 ; None ;
; Simple22:cpu|altsyncram:instructions_rtl_0|altsyncram_48d1:auto_generated|ALTSYNCRAM ; AUTO ; Simple Dual Port ; 1000         ; 32           ; 1000         ; 32           ; 32000 ; None ;
+--------------------------------------------------------------------------------------+------+------------------+--------------+--------------+--------------+--------------+-------+------+


+-----------------------------------------------------+
; Analysis & Synthesis DSP Block Usage Summary        ;
+---------------------------------------+-------------+
; Statistic                             ; Number Used ;
+---------------------------------------+-------------+
; Simple Multipliers (9-bit)            ; 0           ;
; Simple Multipliers (18-bit)           ; 3           ;
; Embedded Multiplier Blocks            ; --          ;
; Embedded Multiplier 9-bit elements    ; 6           ;
; Signed Embedded Multipliers           ; 0           ;
; Unsigned Embedded Multipliers         ; 3           ;
; Mixed Sign Embedded Multipliers       ; 0           ;
; Variable Sign Embedded Multipliers    ; 0           ;
; Dedicated Input Shift Register Chains ; 0           ;
+---------------------------------------+-------------+
Note: number of Embedded Multiplier Blocks used is only available after a successful fit.


Encoding Type:  One-Hot
+---------------------------------------------------------------------------------------------+
; State Machine - |IO_Handler|UART_Rx:uart_rx1|state                                          ;
+---------------------+------------------+---------------------+-------------------+----------+
; Name                ; state.STOP_STATE ; state.GET_BIT_STATE ; state.START_STATE ; state.00 ;
+---------------------+------------------+---------------------+-------------------+----------+
; state.00            ; 0                ; 0                   ; 0                 ; 0        ;
; state.START_STATE   ; 0                ; 0                   ; 1                 ; 1        ;
; state.GET_BIT_STATE ; 0                ; 1                   ; 0                 ; 1        ;
; state.STOP_STATE    ; 1                ; 0                   ; 0                 ; 1        ;
+---------------------+------------------+---------------------+-------------------+----------+


Encoding Type:  One-Hot
+-----------------------------------------------------------------------------------------------+
; State Machine - |IO_Handler|UART_Tx:uart_tx1|state                                            ;
+----------------------+------------------+----------------------+-------------------+----------+
; Name                 ; state.STOP_STATE ; state.SEND_BIT_STATE ; state.START_STATE ; state.00 ;
+----------------------+------------------+----------------------+-------------------+----------+
; state.00             ; 0                ; 0                    ; 0                 ; 0        ;
; state.START_STATE    ; 0                ; 0                    ; 1                 ; 1        ;
; state.SEND_BIT_STATE ; 0                ; 1                    ; 0                 ; 1        ;
; state.STOP_STATE     ; 1                ; 0                    ; 0                 ; 1        ;
+----------------------+------------------+----------------------+-------------------+----------+


+--------------------------------------------------------------------------------+
; Registers Removed During Synthesis                                             ;
+---------------------------------------+----------------------------------------+
; Register name                         ; Reason for Removal                     ;
+---------------------------------------+----------------------------------------+
; UART_Rx:uart_rx1|state~2              ; Lost fanout                            ;
; UART_Rx:uart_rx1|state~3              ; Lost fanout                            ;
; UART_Tx:uart_tx1|state~2              ; Lost fanout                            ;
; UART_Tx:uart_tx1|state~3              ; Lost fanout                            ;
; Simple22:cpu|outputByteIndex[3]       ; Stuck at GND due to stuck port data_in ;
; Total Number of Removed Registers = 5 ;                                        ;
+---------------------------------------+----------------------------------------+


+------------------------------------------------------+
; General Register Statistics                          ;
+----------------------------------------------+-------+
; Statistic                                    ; Value ;
+----------------------------------------------+-------+
; Total registers                              ; 584   ;
; Number of registers using Synchronous Clear  ; 209   ;
; Number of registers using Synchronous Load   ; 0     ;
; Number of registers using Asynchronous Clear ; 3     ;
; Number of registers using Asynchronous Load  ; 0     ;
; Number of registers using Clock Enable       ; 423   ;
; Number of registers using Preset             ; 0     ;
+----------------------------------------------+-------+


+---------------------------------------------------+
; Inverted Register Statistics                      ;
+-----------------------------------------+---------+
; Inverted Register                       ; Fan out ;
+-----------------------------------------+---------+
; final_pc[31]                            ; 2       ;
; final_pc[30]                            ; 2       ;
; final_pc[29]                            ; 2       ;
; final_pc[28]                            ; 2       ;
; final_pc[27]                            ; 2       ;
; final_pc[26]                            ; 2       ;
; final_pc[25]                            ; 2       ;
; final_pc[24]                            ; 2       ;
; final_pc[23]                            ; 2       ;
; final_pc[22]                            ; 2       ;
; final_pc[21]                            ; 2       ;
; final_pc[20]                            ; 2       ;
; final_pc[19]                            ; 2       ;
; final_pc[18]                            ; 2       ;
; final_pc[17]                            ; 2       ;
; final_pc[16]                            ; 2       ;
; final_pc[15]                            ; 2       ;
; final_pc[14]                            ; 2       ;
; final_pc[13]                            ; 2       ;
; final_pc[12]                            ; 2       ;
; final_pc[11]                            ; 2       ;
; final_pc[10]                            ; 2       ;
; final_pc[9]                             ; 3       ;
; final_pc[8]                             ; 3       ;
; final_pc[7]                             ; 3       ;
; final_pc[6]                             ; 3       ;
; final_pc[5]                             ; 3       ;
; final_pc[4]                             ; 3       ;
; final_pc[3]                             ; 3       ;
; final_pc[2]                             ; 3       ;
; final_pc[1]                             ; 3       ;
; final_pc[0]                             ; 3       ;
; UART_Rx:uart_rx1|rx                     ; 12      ;
; UART_Rx:uart_rx1|rx_buffer              ; 1       ;
; Total number of inverted registers = 34 ;         ;
+-----------------------------------------+---------+


+------------------------------------------------------------+
; Registers Added for RAM Pass-Through Logic                 ;
+-----------------------------------+------------------------+
; Register Name                     ; RAM Name               ;
+-----------------------------------+------------------------+
; Simple22:cpu|RAM_rtl_0_bypass[0]  ; Simple22:cpu|RAM_rtl_0 ;
; Simple22:cpu|RAM_rtl_0_bypass[1]  ; Simple22:cpu|RAM_rtl_0 ;
; Simple22:cpu|RAM_rtl_0_bypass[2]  ; Simple22:cpu|RAM_rtl_0 ;
; Simple22:cpu|RAM_rtl_0_bypass[3]  ; Simple22:cpu|RAM_rtl_0 ;
; Simple22:cpu|RAM_rtl_0_bypass[4]  ; Simple22:cpu|RAM_rtl_0 ;
; Simple22:cpu|RAM_rtl_0_bypass[5]  ; Simple22:cpu|RAM_rtl_0 ;
; Simple22:cpu|RAM_rtl_0_bypass[6]  ; Simple22:cpu|RAM_rtl_0 ;
; Simple22:cpu|RAM_rtl_0_bypass[7]  ; Simple22:cpu|RAM_rtl_0 ;
; Simple22:cpu|RAM_rtl_0_bypass[8]  ; Simple22:cpu|RAM_rtl_0 ;
; Simple22:cpu|RAM_rtl_0_bypass[9]  ; Simple22:cpu|RAM_rtl_0 ;
; Simple22:cpu|RAM_rtl_0_bypass[10] ; Simple22:cpu|RAM_rtl_0 ;
; Simple22:cpu|RAM_rtl_0_bypass[11] ; Simple22:cpu|RAM_rtl_0 ;
; Simple22:cpu|RAM_rtl_0_bypass[12] ; Simple22:cpu|RAM_rtl_0 ;
; Simple22:cpu|RAM_rtl_0_bypass[13] ; Simple22:cpu|RAM_rtl_0 ;
; Simple22:cpu|RAM_rtl_0_bypass[14] ; Simple22:cpu|RAM_rtl_0 ;
; Simple22:cpu|RAM_rtl_0_bypass[15] ; Simple22:cpu|RAM_rtl_0 ;
; Simple22:cpu|RAM_rtl_0_bypass[16] ; Simple22:cpu|RAM_rtl_0 ;
; Simple22:cpu|RAM_rtl_0_bypass[17] ; Simple22:cpu|RAM_rtl_0 ;
; Simple22:cpu|RAM_rtl_0_bypass[18] ; Simple22:cpu|RAM_rtl_0 ;
; Simple22:cpu|RAM_rtl_0_bypass[19] ; Simple22:cpu|RAM_rtl_0 ;
; Simple22:cpu|RAM_rtl_0_bypass[20] ; Simple22:cpu|RAM_rtl_0 ;
; Simple22:cpu|RAM_rtl_0_bypass[21] ; Simple22:cpu|RAM_rtl_0 ;
; Simple22:cpu|RAM_rtl_0_bypass[22] ; Simple22:cpu|RAM_rtl_0 ;
; Simple22:cpu|RAM_rtl_0_bypass[23] ; Simple22:cpu|RAM_rtl_0 ;
; Simple22:cpu|RAM_rtl_0_bypass[24] ; Simple22:cpu|RAM_rtl_0 ;
; Simple22:cpu|RAM_rtl_0_bypass[25] ; Simple22:cpu|RAM_rtl_0 ;
; Simple22:cpu|RAM_rtl_0_bypass[26] ; Simple22:cpu|RAM_rtl_0 ;
; Simple22:cpu|RAM_rtl_0_bypass[27] ; Simple22:cpu|RAM_rtl_0 ;
; Simple22:cpu|RAM_rtl_0_bypass[28] ; Simple22:cpu|RAM_rtl_0 ;
; Simple22:cpu|RAM_rtl_0_bypass[29] ; Simple22:cpu|RAM_rtl_0 ;
; Simple22:cpu|RAM_rtl_0_bypass[30] ; Simple22:cpu|RAM_rtl_0 ;
; Simple22:cpu|RAM_rtl_0_bypass[31] ; Simple22:cpu|RAM_rtl_0 ;
; Simple22:cpu|RAM_rtl_0_bypass[32] ; Simple22:cpu|RAM_rtl_0 ;
; Simple22:cpu|RAM_rtl_0_bypass[33] ; Simple22:cpu|RAM_rtl_0 ;
; Simple22:cpu|RAM_rtl_0_bypass[34] ; Simple22:cpu|RAM_rtl_0 ;
; Simple22:cpu|RAM_rtl_0_bypass[35] ; Simple22:cpu|RAM_rtl_0 ;
; Simple22:cpu|RAM_rtl_0_bypass[36] ; Simple22:cpu|RAM_rtl_0 ;
; Simple22:cpu|RAM_rtl_0_bypass[37] ; Simple22:cpu|RAM_rtl_0 ;
; Simple22:cpu|RAM_rtl_0_bypass[38] ; Simple22:cpu|RAM_rtl_0 ;
; Simple22:cpu|RAM_rtl_0_bypass[39] ; Simple22:cpu|RAM_rtl_0 ;
; Simple22:cpu|RAM_rtl_0_bypass[40] ; Simple22:cpu|RAM_rtl_0 ;
; Simple22:cpu|RAM_rtl_0_bypass[41] ; Simple22:cpu|RAM_rtl_0 ;
; Simple22:cpu|RAM_rtl_0_bypass[42] ; Simple22:cpu|RAM_rtl_0 ;
; Simple22:cpu|RAM_rtl_0_bypass[43] ; Simple22:cpu|RAM_rtl_0 ;
; Simple22:cpu|RAM_rtl_0_bypass[44] ; Simple22:cpu|RAM_rtl_0 ;
; Simple22:cpu|RAM_rtl_0_bypass[45] ; Simple22:cpu|RAM_rtl_0 ;
; Simple22:cpu|RAM_rtl_0_bypass[46] ; Simple22:cpu|RAM_rtl_0 ;
; Simple22:cpu|RAM_rtl_0_bypass[47] ; Simple22:cpu|RAM_rtl_0 ;
; Simple22:cpu|RAM_rtl_0_bypass[48] ; Simple22:cpu|RAM_rtl_0 ;
; Simple22:cpu|RAM_rtl_0_bypass[49] ; Simple22:cpu|RAM_rtl_0 ;
; Simple22:cpu|RAM_rtl_0_bypass[50] ; Simple22:cpu|RAM_rtl_0 ;
; Simple22:cpu|RAM_rtl_0_bypass[51] ; Simple22:cpu|RAM_rtl_0 ;
; Simple22:cpu|RAM_rtl_0_bypass[52] ; Simple22:cpu|RAM_rtl_0 ;
+-----------------------------------+------------------------+


+-------------------------------------------------------------------------------------------------------------------------------------------------------+
; Multiplexer Restructuring Statistics (Restructuring Performed)                                                                                        ;
+--------------------+-----------+---------------+----------------------+------------------------+------------+-----------------------------------------+
; Multiplexer Inputs ; Bus Width ; Baseline Area ; Area if Restructured ; Saving if Restructured ; Registered ; Example Multiplexer Output              ;
+--------------------+-----------+---------------+----------------------+------------------------+------------+-----------------------------------------+
; 3:1                ; 22 bits   ; 44 LEs        ; 22 LEs               ; 22 LEs                 ; Yes        ; |IO_Handler|Simple22:cpu|pc[11]         ;
; 3:1                ; 22 bits   ; 44 LEs        ; 22 LEs               ; 22 LEs                 ; Yes        ; |IO_Handler|Simple22:cpu|sp[22]         ;
; 7:1                ; 8 bits    ; 32 LEs        ; 32 LEs               ; 0 LEs                  ; Yes        ; |IO_Handler|Simple22:cpu|o_byte[4]      ;
; 5:1                ; 16 bits   ; 48 LEs        ; 16 LEs               ; 32 LEs                 ; Yes        ; |IO_Handler|UART_Tx:uart_tx1|counter[9] ;
; 6:1                ; 16 bits   ; 64 LEs        ; 16 LEs               ; 48 LEs                 ; Yes        ; |IO_Handler|UART_Rx:uart_rx1|counter[0] ;
; 41:1               ; 8 bits    ; 216 LEs       ; 32 LEs               ; 184 LEs                ; Yes        ; |IO_Handler|Simple22:cpu|GPRs[7][25]    ;
; 41:1               ; 24 bits   ; 648 LEs       ; 120 LEs              ; 528 LEs                ; Yes        ; |IO_Handler|Simple22:cpu|GPRs[7][2]     ;
; 41:1               ; 8 bits    ; 216 LEs       ; 32 LEs               ; 184 LEs                ; Yes        ; |IO_Handler|Simple22:cpu|GPRs[6][30]    ;
; 41:1               ; 24 bits   ; 648 LEs       ; 120 LEs              ; 528 LEs                ; Yes        ; |IO_Handler|Simple22:cpu|GPRs[6][1]     ;
; 41:1               ; 8 bits    ; 216 LEs       ; 32 LEs               ; 184 LEs                ; Yes        ; |IO_Handler|Simple22:cpu|GPRs[5][30]    ;
; 41:1               ; 24 bits   ; 648 LEs       ; 120 LEs              ; 528 LEs                ; Yes        ; |IO_Handler|Simple22:cpu|GPRs[5][15]    ;
; 41:1               ; 8 bits    ; 216 LEs       ; 32 LEs               ; 184 LEs                ; Yes        ; |IO_Handler|Simple22:cpu|GPRs[4][29]    ;
; 41:1               ; 24 bits   ; 648 LEs       ; 120 LEs              ; 528 LEs                ; Yes        ; |IO_Handler|Simple22:cpu|GPRs[4][20]    ;
; 41:1               ; 8 bits    ; 216 LEs       ; 32 LEs               ; 184 LEs                ; Yes        ; |IO_Handler|Simple22:cpu|GPRs[3][31]    ;
; 41:1               ; 24 bits   ; 648 LEs       ; 120 LEs              ; 528 LEs                ; Yes        ; |IO_Handler|Simple22:cpu|GPRs[3][20]    ;
; 41:1               ; 8 bits    ; 216 LEs       ; 32 LEs               ; 184 LEs                ; Yes        ; |IO_Handler|Simple22:cpu|GPRs[2][26]    ;
; 41:1               ; 24 bits   ; 648 LEs       ; 120 LEs              ; 528 LEs                ; Yes        ; |IO_Handler|Simple22:cpu|GPRs[2][20]    ;
; 41:1               ; 8 bits    ; 216 LEs       ; 32 LEs               ; 184 LEs                ; Yes        ; |IO_Handler|Simple22:cpu|GPRs[1][26]    ;
; 41:1               ; 24 bits   ; 648 LEs       ; 120 LEs              ; 528 LEs                ; Yes        ; |IO_Handler|Simple22:cpu|GPRs[1][20]    ;
; 41:1               ; 8 bits    ; 216 LEs       ; 32 LEs               ; 184 LEs                ; Yes        ; |IO_Handler|Simple22:cpu|GPRs[0][24]    ;
; 41:1               ; 24 bits   ; 648 LEs       ; 120 LEs              ; 528 LEs                ; Yes        ; |IO_Handler|Simple22:cpu|GPRs[0][12]    ;
; 3:1                ; 10 bits   ; 20 LEs        ; 20 LEs               ; 0 LEs                  ; No         ; |IO_Handler|Simple22:cpu|pc             ;
; 3:1                ; 10 bits   ; 20 LEs        ; 20 LEs               ; 0 LEs                  ; No         ; |IO_Handler|Simple22:cpu|sp             ;
; 3:1                ; 3 bits    ; 6 LEs         ; 6 LEs                ; 0 LEs                  ; No         ; |IO_Handler|UART_Rx:uart_rx1|bit_index  ;
; 3:1                ; 3 bits    ; 6 LEs         ; 6 LEs                ; 0 LEs                  ; No         ; |IO_Handler|UART_Tx:uart_tx1|bit_index  ;
; 8:1                ; 32 bits   ; 160 LEs       ; 160 LEs              ; 0 LEs                  ; No         ; |IO_Handler|Simple22:cpu|Mux84          ;
; 8:1                ; 32 bits   ; 160 LEs       ; 160 LEs              ; 0 LEs                  ; No         ; |IO_Handler|Simple22:cpu|Mux12          ;
; 8:1                ; 32 bits   ; 160 LEs       ; 160 LEs              ; 0 LEs                  ; No         ; |IO_Handler|Simple22:cpu|Mux51          ;
+--------------------+-----------+---------------+----------------------+------------------------+------------+-----------------------------------------+


+--------------------------------------------------------------------------------------------------+
; Source assignments for Simple22:cpu|altsyncram:instructions_rtl_0|altsyncram_48d1:auto_generated ;
+---------------------------------+--------------------+------+------------------------------------+
; Assignment                      ; Value              ; From ; To                                 ;
+---------------------------------+--------------------+------+------------------------------------+
; OPTIMIZE_POWER_DURING_SYNTHESIS ; NORMAL_COMPILATION ; -    ; -                                  ;
+---------------------------------+--------------------+------+------------------------------------+


+-----------------------------------------------------------------------------------------+
; Source assignments for Simple22:cpu|altsyncram:RAM_rtl_0|altsyncram_u4h1:auto_generated ;
+---------------------------------+--------------------+------+---------------------------+
; Assignment                      ; Value              ; From ; To                        ;
+---------------------------------+--------------------+------+---------------------------+
; OPTIMIZE_POWER_DURING_SYNTHESIS ; NORMAL_COMPILATION ; -    ; -                         ;
+---------------------------------+--------------------+------+---------------------------+


+---------------------------------------------------------------------------------------------+
; Parameter Settings for Inferred Entity Instance: Simple22:cpu|altsyncram:instructions_rtl_0 ;
+------------------------------------+----------------------+---------------------------------+
; Parameter Name                     ; Value                ; Type                            ;
+------------------------------------+----------------------+---------------------------------+
; BYTE_SIZE_BLOCK                    ; 8                    ; Untyped                         ;
; AUTO_CARRY_CHAINS                  ; ON                   ; AUTO_CARRY                      ;
; IGNORE_CARRY_BUFFERS               ; OFF                  ; IGNORE_CARRY                    ;
; AUTO_CASCADE_CHAINS                ; ON                   ; AUTO_CASCADE                    ;
; IGNORE_CASCADE_BUFFERS             ; OFF                  ; IGNORE_CASCADE                  ;
; WIDTH_BYTEENA                      ; 1                    ; Untyped                         ;
; OPERATION_MODE                     ; DUAL_PORT            ; Untyped                         ;
; WIDTH_A                            ; 32                   ; Untyped                         ;
; WIDTHAD_A                          ; 10                   ; Untyped                         ;
; NUMWORDS_A                         ; 1000                 ; Untyped                         ;
; OUTDATA_REG_A                      ; UNREGISTERED         ; Untyped                         ;
; ADDRESS_ACLR_A                     ; NONE                 ; Untyped                         ;
; OUTDATA_ACLR_A                     ; NONE                 ; Untyped                         ;
; WRCONTROL_ACLR_A                   ; NONE                 ; Untyped                         ;
; INDATA_ACLR_A                      ; NONE                 ; Untyped                         ;
; BYTEENA_ACLR_A                     ; NONE                 ; Untyped                         ;
; WIDTH_B                            ; 32                   ; Untyped                         ;
; WIDTHAD_B                          ; 10                   ; Untyped                         ;
; NUMWORDS_B                         ; 1000                 ; Untyped                         ;
; INDATA_REG_B                       ; CLOCK1               ; Untyped                         ;
; WRCONTROL_WRADDRESS_REG_B          ; CLOCK1               ; Untyped                         ;
; RDCONTROL_REG_B                    ; CLOCK1               ; Untyped                         ;
; ADDRESS_REG_B                      ; CLOCK1               ; Untyped                         ;
; OUTDATA_REG_B                      ; UNREGISTERED         ; Untyped                         ;
; BYTEENA_REG_B                      ; CLOCK1               ; Untyped                         ;
; INDATA_ACLR_B                      ; NONE                 ; Untyped                         ;
; WRCONTROL_ACLR_B                   ; NONE                 ; Untyped                         ;
; ADDRESS_ACLR_B                     ; NONE                 ; Untyped                         ;
; OUTDATA_ACLR_B                     ; NONE                 ; Untyped                         ;
; RDCONTROL_ACLR_B                   ; NONE                 ; Untyped                         ;
; BYTEENA_ACLR_B                     ; NONE                 ; Untyped                         ;
; WIDTH_BYTEENA_A                    ; 1                    ; Untyped                         ;
; WIDTH_BYTEENA_B                    ; 1                    ; Untyped                         ;
; RAM_BLOCK_TYPE                     ; AUTO                 ; Untyped                         ;
; BYTE_SIZE                          ; 8                    ; Untyped                         ;
; READ_DURING_WRITE_MODE_MIXED_PORTS ; DONT_CARE            ; Untyped                         ;
; READ_DURING_WRITE_MODE_PORT_A      ; NEW_DATA_NO_NBE_READ ; Untyped                         ;
; READ_DURING_WRITE_MODE_PORT_B      ; NEW_DATA_NO_NBE_READ ; Untyped                         ;
; INIT_FILE                          ; UNUSED               ; Untyped                         ;
; INIT_FILE_LAYOUT                   ; PORT_A               ; Untyped                         ;
; MAXIMUM_DEPTH                      ; 0                    ; Untyped                         ;
; CLOCK_ENABLE_INPUT_A               ; NORMAL               ; Untyped                         ;
; CLOCK_ENABLE_INPUT_B               ; NORMAL               ; Untyped                         ;
; CLOCK_ENABLE_OUTPUT_A              ; NORMAL               ; Untyped                         ;
; CLOCK_ENABLE_OUTPUT_B              ; NORMAL               ; Untyped                         ;
; CLOCK_ENABLE_CORE_A                ; USE_INPUT_CLKEN      ; Untyped                         ;
; CLOCK_ENABLE_CORE_B                ; USE_INPUT_CLKEN      ; Untyped                         ;
; ENABLE_ECC                         ; FALSE                ; Untyped                         ;
; ECC_PIPELINE_STAGE_ENABLED         ; FALSE                ; Untyped                         ;
; WIDTH_ECCSTATUS                    ; 3                    ; Untyped                         ;
; DEVICE_FAMILY                      ; Cyclone IV E         ; Untyped                         ;
; CBXI_PARAMETER                     ; altsyncram_48d1      ; Untyped                         ;
+------------------------------------+----------------------+---------------------------------+
Note: In order to hide this table in the UI and the text report file, please set the "Show Parameter Settings in Synthesis Report" option in "Analysis and Synthesis Settings -> More Settings" to "Off".


+------------------------------------------------------------------------------------+
; Parameter Settings for Inferred Entity Instance: Simple22:cpu|altsyncram:RAM_rtl_0 ;
+------------------------------------+----------------------+------------------------+
; Parameter Name                     ; Value                ; Type                   ;
+------------------------------------+----------------------+------------------------+
; BYTE_SIZE_BLOCK                    ; 8                    ; Untyped                ;
; AUTO_CARRY_CHAINS                  ; ON                   ; AUTO_CARRY             ;
; IGNORE_CARRY_BUFFERS               ; OFF                  ; IGNORE_CARRY           ;
; AUTO_CASCADE_CHAINS                ; ON                   ; AUTO_CASCADE           ;
; IGNORE_CASCADE_BUFFERS             ; OFF                  ; IGNORE_CASCADE         ;
; WIDTH_BYTEENA                      ; 1                    ; Untyped                ;
; OPERATION_MODE                     ; DUAL_PORT            ; Untyped                ;
; WIDTH_A                            ; 32                   ; Untyped                ;
; WIDTHAD_A                          ; 10                   ; Untyped                ;
; NUMWORDS_A                         ; 1000                 ; Untyped                ;
; OUTDATA_REG_A                      ; UNREGISTERED         ; Untyped                ;
; ADDRESS_ACLR_A                     ; NONE                 ; Untyped                ;
; OUTDATA_ACLR_A                     ; NONE                 ; Untyped                ;
; WRCONTROL_ACLR_A                   ; NONE                 ; Untyped                ;
; INDATA_ACLR_A                      ; NONE                 ; Untyped                ;
; BYTEENA_ACLR_A                     ; NONE                 ; Untyped                ;
; WIDTH_B                            ; 32                   ; Untyped                ;
; WIDTHAD_B                          ; 10                   ; Untyped                ;
; NUMWORDS_B                         ; 1000                 ; Untyped                ;
; INDATA_REG_B                       ; CLOCK1               ; Untyped                ;
; WRCONTROL_WRADDRESS_REG_B          ; CLOCK1               ; Untyped                ;
; RDCONTROL_REG_B                    ; CLOCK1               ; Untyped                ;
; ADDRESS_REG_B                      ; CLOCK0               ; Untyped                ;
; OUTDATA_REG_B                      ; UNREGISTERED         ; Untyped                ;
; BYTEENA_REG_B                      ; CLOCK1               ; Untyped                ;
; INDATA_ACLR_B                      ; NONE                 ; Untyped                ;
; WRCONTROL_ACLR_B                   ; NONE                 ; Untyped                ;
; ADDRESS_ACLR_B                     ; NONE                 ; Untyped                ;
; OUTDATA_ACLR_B                     ; NONE                 ; Untyped                ;
; RDCONTROL_ACLR_B                   ; NONE                 ; Untyped                ;
; BYTEENA_ACLR_B                     ; NONE                 ; Untyped                ;
; WIDTH_BYTEENA_A                    ; 1                    ; Untyped                ;
; WIDTH_BYTEENA_B                    ; 1                    ; Untyped                ;
; RAM_BLOCK_TYPE                     ; AUTO                 ; Untyped                ;
; BYTE_SIZE                          ; 8                    ; Untyped                ;
; READ_DURING_WRITE_MODE_MIXED_PORTS ; OLD_DATA             ; Untyped                ;
; READ_DURING_WRITE_MODE_PORT_A      ; NEW_DATA_NO_NBE_READ ; Untyped                ;
; READ_DURING_WRITE_MODE_PORT_B      ; NEW_DATA_NO_NBE_READ ; Untyped                ;
; INIT_FILE                          ; UNUSED               ; Untyped                ;
; INIT_FILE_LAYOUT                   ; PORT_A               ; Untyped                ;
; MAXIMUM_DEPTH                      ; 0                    ; Untyped                ;
; CLOCK_ENABLE_INPUT_A               ; NORMAL               ; Untyped                ;
; CLOCK_ENABLE_INPUT_B               ; NORMAL               ; Untyped                ;
; CLOCK_ENABLE_OUTPUT_A              ; NORMAL               ; Untyped                ;
; CLOCK_ENABLE_OUTPUT_B              ; NORMAL               ; Untyped                ;
; CLOCK_ENABLE_CORE_A                ; USE_INPUT_CLKEN      ; Untyped                ;
; CLOCK_ENABLE_CORE_B                ; USE_INPUT_CLKEN      ; Untyped                ;
; ENABLE_ECC                         ; FALSE                ; Untyped                ;
; ECC_PIPELINE_STAGE_ENABLED         ; FALSE                ; Untyped                ;
; WIDTH_ECCSTATUS                    ; 3                    ; Untyped                ;
; DEVICE_FAMILY                      ; Cyclone IV E         ; Untyped                ;
; CBXI_PARAMETER                     ; altsyncram_u4h1      ; Untyped                ;
+------------------------------------+----------------------+------------------------+
Note: In order to hide this table in the UI and the text report file, please set the "Show Parameter Settings in Synthesis Report" option in "Analysis and Synthesis Settings -> More Settings" to "Off".


+-------------------------------------------------------------------------------------+
; Parameter Settings for Inferred Entity Instance: Simple22:cpu|lpm_mult:Mult0        ;
+------------------------------------------------+--------------+---------------------+
; Parameter Name                                 ; Value        ; Type                ;
+------------------------------------------------+--------------+---------------------+
; AUTO_CARRY_CHAINS                              ; ON           ; AUTO_CARRY          ;
; IGNORE_CARRY_BUFFERS                           ; OFF          ; IGNORE_CARRY        ;
; AUTO_CASCADE_CHAINS                            ; ON           ; AUTO_CASCADE        ;
; IGNORE_CASCADE_BUFFERS                         ; OFF          ; IGNORE_CASCADE      ;
; LPM_WIDTHA                                     ; 32           ; Untyped             ;
; LPM_WIDTHB                                     ; 32           ; Untyped             ;
; LPM_WIDTHP                                     ; 64           ; Untyped             ;
; LPM_WIDTHR                                     ; 64           ; Untyped             ;
; LPM_WIDTHS                                     ; 1            ; Untyped             ;
; LPM_REPRESENTATION                             ; UNSIGNED     ; Untyped             ;
; LPM_PIPELINE                                   ; 0            ; Untyped             ;
; LATENCY                                        ; 0            ; Untyped             ;
; INPUT_A_IS_CONSTANT                            ; NO           ; Untyped             ;
; INPUT_B_IS_CONSTANT                            ; NO           ; Untyped             ;
; USE_EAB                                        ; OFF          ; Untyped             ;
; MAXIMIZE_SPEED                                 ; 5            ; Untyped             ;
; DEVICE_FAMILY                                  ; Cyclone IV E ; Untyped             ;
; CARRY_CHAIN                                    ; MANUAL       ; Untyped             ;
; APEX20K_TECHNOLOGY_MAPPER                      ; LUT          ; TECH_MAPPER_APEX20K ;
; DEDICATED_MULTIPLIER_CIRCUITRY                 ; AUTO         ; Untyped             ;
; DEDICATED_MULTIPLIER_MIN_INPUT_WIDTH_FOR_AUTO  ; 0            ; Untyped             ;
; DEDICATED_MULTIPLIER_MIN_OUTPUT_WIDTH_FOR_AUTO ; 0            ; Untyped             ;
; CBXI_PARAMETER                                 ; mult_7dt     ; Untyped             ;
; INPUT_A_FIXED_VALUE                            ; Bx           ; Untyped             ;
; INPUT_B_FIXED_VALUE                            ; Bx           ; Untyped             ;
; USE_AHDL_IMPLEMENTATION                        ; OFF          ; Untyped             ;
+------------------------------------------------+--------------+---------------------+
Note: In order to hide this table in the UI and the text report file, please set the "Show Parameter Settings in Synthesis Report" option in "Analysis and Synthesis Settings -> More Settings" to "Off".


+-------------------------------------------------------------------------------+
; Parameter Settings for Inferred Entity Instance: Simple22:cpu|lpm_divide:Div0 ;
+------------------------+----------------+-------------------------------------+
; Parameter Name         ; Value          ; Type                                ;
+------------------------+----------------+-------------------------------------+
; LPM_WIDTHN             ; 32             ; Untyped                             ;
; LPM_WIDTHD             ; 32             ; Untyped                             ;
; LPM_NREPRESENTATION    ; UNSIGNED       ; Untyped                             ;
; LPM_DREPRESENTATION    ; UNSIGNED       ; Untyped                             ;
; LPM_PIPELINE           ; 0              ; Untyped                             ;
; LPM_REMAINDERPOSITIVE  ; TRUE           ; Untyped                             ;
; MAXIMIZE_SPEED         ; 5              ; Untyped                             ;
; CBXI_PARAMETER         ; lpm_divide_hkm ; Untyped                             ;
; CARRY_CHAIN            ; MANUAL         ; Untyped                             ;
; OPTIMIZE_FOR_SPEED     ; 5              ; Untyped                             ;
; AUTO_CARRY_CHAINS      ; ON             ; AUTO_CARRY                          ;
; IGNORE_CARRY_BUFFERS   ; OFF            ; IGNORE_CARRY                        ;
; AUTO_CASCADE_CHAINS    ; ON             ; AUTO_CASCADE                        ;
; IGNORE_CASCADE_BUFFERS ; OFF            ; IGNORE_CASCADE                      ;
+------------------------+----------------+-------------------------------------+
Note: In order to hide this table in the UI and the text report file, please set the "Show Parameter Settings in Synthesis Report" option in "Analysis and Synthesis Settings -> More Settings" to "Off".


+----------------------------------------------------------------------------------------+
; altsyncram Parameter Settings by Entity Instance                                       ;
+-------------------------------------------+--------------------------------------------+
; Name                                      ; Value                                      ;
+-------------------------------------------+--------------------------------------------+
; Number of entity instances                ; 2                                          ;
; Entity Instance                           ; Simple22:cpu|altsyncram:instructions_rtl_0 ;
;     -- OPERATION_MODE                     ; DUAL_PORT                                  ;
;     -- WIDTH_A                            ; 32                                         ;
;     -- NUMWORDS_A                         ; 1000                                       ;
;     -- OUTDATA_REG_A                      ; UNREGISTERED                               ;
;     -- WIDTH_B                            ; 32                                         ;
;     -- NUMWORDS_B                         ; 1000                                       ;
;     -- ADDRESS_REG_B                      ; CLOCK1                                     ;
;     -- OUTDATA_REG_B                      ; UNREGISTERED                               ;
;     -- RAM_BLOCK_TYPE                     ; AUTO                                       ;
;     -- READ_DURING_WRITE_MODE_MIXED_PORTS ; DONT_CARE                                  ;
; Entity Instance                           ; Simple22:cpu|altsyncram:RAM_rtl_0          ;
;     -- OPERATION_MODE                     ; DUAL_PORT                                  ;
;     -- WIDTH_A                            ; 32                                         ;
;     -- NUMWORDS_A                         ; 1000                                       ;
;     -- OUTDATA_REG_A                      ; UNREGISTERED                               ;
;     -- WIDTH_B                            ; 32                                         ;
;     -- NUMWORDS_B                         ; 1000                                       ;
;     -- ADDRESS_REG_B                      ; CLOCK0                                     ;
;     -- OUTDATA_REG_B                      ; UNREGISTERED                               ;
;     -- RAM_BLOCK_TYPE                     ; AUTO                                       ;
;     -- READ_DURING_WRITE_MODE_MIXED_PORTS ; OLD_DATA                                   ;
+-------------------------------------------+--------------------------------------------+


+---------------------------------------------------------------------+
; lpm_mult Parameter Settings by Entity Instance                      ;
+---------------------------------------+-----------------------------+
; Name                                  ; Value                       ;
+---------------------------------------+-----------------------------+
; Number of entity instances            ; 1                           ;
; Entity Instance                       ; Simple22:cpu|lpm_mult:Mult0 ;
;     -- LPM_WIDTHA                     ; 32                          ;
;     -- LPM_WIDTHB                     ; 32                          ;
;     -- LPM_WIDTHP                     ; 64                          ;
;     -- LPM_REPRESENTATION             ; UNSIGNED                    ;
;     -- INPUT_A_IS_CONSTANT            ; NO                          ;
;     -- INPUT_B_IS_CONSTANT            ; NO                          ;
;     -- USE_EAB                        ; OFF                         ;
;     -- DEDICATED_MULTIPLIER_CIRCUITRY ; AUTO                        ;
;     -- INPUT_A_FIXED_VALUE            ; Bx                          ;
;     -- INPUT_B_FIXED_VALUE            ; Bx                          ;
+---------------------------------------+-----------------------------+


+-----------------------------------------------------+
; Post-Synthesis Netlist Statistics for Top Partition ;
+-----------------------+-----------------------------+
; Type                  ; Count                       ;
+-----------------------+-----------------------------+
; boundary_port         ; 3                           ;
; cycloneiii_ff         ; 584                         ;
;     CLR               ; 3                           ;
;     ENA               ; 215                         ;
;     ENA SCLR          ; 208                         ;
;     SCLR              ; 1                           ;
;     plain             ; 157                         ;
; cycloneiii_lcell_comb ; 2356                        ;
;     arith             ; 751                         ;
;         2 data inputs ; 76                          ;
;         3 data inputs ; 675                         ;
;     normal            ; 1605                        ;
;         0 data inputs ; 30                          ;
;         1 data inputs ; 48                          ;
;         2 data inputs ; 86                          ;
;         3 data inputs ; 233                         ;
;         4 data inputs ; 1208                        ;
; cycloneiii_mac_mult   ; 3                           ;
; cycloneiii_mac_out    ; 3                           ;
; cycloneiii_ram_block  ; 64                          ;
;                       ;                             ;
; Max LUT depth         ; 125.50                      ;
; Average LUT depth     ; 69.96                       ;
+-----------------------+-----------------------------+


+-------------------------------+
; Elapsed Time Per Partition    ;
+----------------+--------------+
; Partition Name ; Elapsed Time ;
+----------------+--------------+
; Top            ; 00:00:06     ;
+----------------+--------------+


+-------------------------------+
; Analysis & Synthesis Messages ;
+-------------------------------+
Info: *******************************************************************
Info: Running Quartus Prime Analysis & Synthesis
    Info: Version 18.1.0 Build 625 09/12/2018 SJ Lite Edition
    Info: Processing started: Thu May 23 14:58:57 2024
Info: Command: quartus_map --read_settings_files=on --write_settings_files=off Simple22 -c IO_Handler
Warning (18236): Number of processors has not been specified which may cause overloading on shared machines.  Set the global assignment NUM_PARALLEL_PROCESSORS in your QSF to an appropriate value for best performance.
Info (20030): Parallel compilation is enabled and will use 4 of the 4 processors detected
Info (12021): Found 1 design units, including 1 entities, in source file uart_tx.v
    Info (12023): Found entity 1: UART_Tx File: D:/Programming/HDL/Verilog/Simple22/Simple22-Verilog/UART_Tx.v Line: 1
Info (12021): Found 1 design units, including 1 entities, in source file io_handler.v
    Info (12023): Found entity 1: IO_Handler File: D:/Programming/HDL/Verilog/Simple22/Simple22-Verilog/IO_Handler.v Line: 3
Info (12021): Found 1 design units, including 1 entities, in source file simple22.v
    Info (12023): Found entity 1: Simple22 File: D:/Programming/HDL/Verilog/Simple22/Simple22-Verilog/Simple22.v Line: 3
Info (12021): Found 0 design units, including 0 entities, in source file preprocessors.v
Info (12021): Found 1 design units, including 1 entities, in source file uart_rx.v
    Info (12023): Found entity 1: UART_Rx File: D:/Programming/HDL/Verilog/Simple22/Simple22-Verilog/UART_Rx.v Line: 1
Info (12127): Elaborating entity "IO_Handler" for the top level hierarchy
Warning (10036): Verilog HDL or VHDL warning at IO_Handler.v(23): object "nibble" assigned a value but never read File: D:/Programming/HDL/Verilog/Simple22/Simple22-Verilog/IO_Handler.v Line: 23
Warning (10230): Verilog HDL assignment warning at IO_Handler.v(49): truncated value with size 32 to match size of target (2) File: D:/Programming/HDL/Verilog/Simple22/Simple22-Verilog/IO_Handler.v Line: 49
Info (12128): Elaborating entity "UART_Tx" for hierarchy "UART_Tx:uart_tx1" File: D:/Programming/HDL/Verilog/Simple22/Simple22-Verilog/IO_Handler.v Line: 11
Warning (10230): Verilog HDL assignment warning at UART_Tx.v(37): truncated value with size 32 to match size of target (16) File: D:/Programming/HDL/Verilog/Simple22/Simple22-Verilog/UART_Tx.v Line: 37
Warning (10230): Verilog HDL assignment warning at UART_Tx.v(49): truncated value with size 32 to match size of target (16) File: D:/Programming/HDL/Verilog/Simple22/Simple22-Verilog/UART_Tx.v Line: 49
Warning (10230): Verilog HDL assignment warning at UART_Tx.v(56): truncated value with size 32 to match size of target (3) File: D:/Programming/HDL/Verilog/Simple22/Simple22-Verilog/UART_Tx.v Line: 56
Warning (10230): Verilog HDL assignment warning at UART_Tx.v(71): truncated value with size 32 to match size of target (16) File: D:/Programming/HDL/Verilog/Simple22/Simple22-Verilog/UART_Tx.v Line: 71
Info (12128): Elaborating entity "Simple22" for hierarchy "Simple22:cpu" File: D:/Programming/HDL/Verilog/Simple22/Simple22-Verilog/IO_Handler.v Line: 18
Warning (10230): Verilog HDL assignment warning at Simple22.v(92): truncated value with size 32 to match size of target (16) File: D:/Programming/HDL/Verilog/Simple22/Simple22-Verilog/Simple22.v Line: 92
Warning (10230): Verilog HDL assignment warning at Simple22.v(96): truncated value with size 32 to match size of target (4) File: D:/Programming/HDL/Verilog/Simple22/Simple22-Verilog/Simple22.v Line: 96
Warning (10030): Net "outputBuffer[5..6]" at Simple22.v(16) has no driver or initial value, using a default initial value '0' File: D:/Programming/HDL/Verilog/Simple22/Simple22-Verilog/Simple22.v Line: 16
Info (12128): Elaborating entity "UART_Rx" for hierarchy "UART_Rx:uart_rx1" File: D:/Programming/HDL/Verilog/Simple22/Simple22-Verilog/IO_Handler.v Line: 25
Warning (10230): Verilog HDL assignment warning at UART_Rx.v(48): truncated value with size 32 to match size of target (16) File: D:/Programming/HDL/Verilog/Simple22/Simple22-Verilog/UART_Rx.v Line: 48
Warning (10230): Verilog HDL assignment warning at UART_Rx.v(55): truncated value with size 32 to match size of target (16) File: D:/Programming/HDL/Verilog/Simple22/Simple22-Verilog/UART_Rx.v Line: 55
Warning (10230): Verilog HDL assignment warning at UART_Rx.v(62): truncated value with size 32 to match size of target (3) File: D:/Programming/HDL/Verilog/Simple22/Simple22-Verilog/UART_Rx.v Line: 62
Warning (10230): Verilog HDL assignment warning at UART_Rx.v(74): truncated value with size 32 to match size of target (16) File: D:/Programming/HDL/Verilog/Simple22/Simple22-Verilog/UART_Rx.v Line: 74
Warning (276027): Inferred dual-clock RAM node "Simple22:cpu|instructions_rtl_0" from synchronous design logic.  The read-during-write behavior of a dual-clock RAM is undefined and may not match the behavior of the original design.
Warning (276020): Inferred RAM node "Simple22:cpu|RAM_rtl_0" from synchronous design logic.  Pass-through logic has been added to match the read-during-write behavior of the original design.
Info (19000): Inferred 2 megafunctions from design logic
    Info (276029): Inferred altsyncram megafunction from the following design logic: "Simple22:cpu|instructions_rtl_0" 
        Info (286033): Parameter OPERATION_MODE set to DUAL_PORT
        Info (286033): Parameter WIDTH_A set to 32
        Info (286033): Parameter WIDTHAD_A set to 10
        Info (286033): Parameter NUMWORDS_A set to 1000
        Info (286033): Parameter WIDTH_B set to 32
        Info (286033): Parameter WIDTHAD_B set to 10
        Info (286033): Parameter NUMWORDS_B set to 1000
        Info (286033): Parameter ADDRESS_ACLR_A set to NONE
        Info (286033): Parameter OUTDATA_REG_B set to UNREGISTERED
        Info (286033): Parameter ADDRESS_ACLR_B set to NONE
        Info (286033): Parameter OUTDATA_ACLR_B set to NONE
        Info (286033): Parameter ADDRESS_REG_B set to CLOCK1
        Info (286033): Parameter INDATA_ACLR_A set to NONE
        Info (286033): Parameter WRCONTROL_ACLR_A set to NONE
    Info (276029): Inferred altsyncram megafunction from the following design logic: "Simple22:cpu|RAM_rtl_0" 
        Info (286033): Parameter OPERATION_MODE set to DUAL_PORT
        Info (286033): Parameter WIDTH_A set to 32
        Info (286033): Parameter WIDTHAD_A set to 10
        Info (286033): Parameter NUMWORDS_A set to 1000
        Info (286033): Parameter WIDTH_B set to 32
        Info (286033): Parameter WIDTHAD_B set to 10
        Info (286033): Parameter NUMWORDS_B set to 1000
        Info (286033): Parameter ADDRESS_ACLR_A set to NONE
        Info (286033): Parameter OUTDATA_REG_B set to UNREGISTERED
        Info (286033): Parameter ADDRESS_ACLR_B set to NONE
        Info (286033): Parameter OUTDATA_ACLR_B set to NONE
        Info (286033): Parameter ADDRESS_REG_B set to CLOCK0
        Info (286033): Parameter INDATA_ACLR_A set to NONE
        Info (286033): Parameter WRCONTROL_ACLR_A set to NONE
        Info (286033): Parameter READ_DURING_WRITE_MODE_MIXED_PORTS set to OLD_DATA
Info (278001): Inferred 2 megafunctions from design logic
    Info (278003): Inferred multiplier megafunction ("lpm_mult") from the following logic: "Simple22:cpu|Mult0" File: D:/Programming/HDL/Verilog/Simple22/Simple22-Verilog/Simple22.v Line: 41
    Info (278004): Inferred divider/modulo megafunction ("lpm_divide") from the following logic: "Simple22:cpu|Div0" File: D:/Programming/HDL/Verilog/Simple22/Simple22-Verilog/Simple22.v Line: 42
Info (12130): Elaborated megafunction instantiation "Simple22:cpu|altsyncram:instructions_rtl_0"
Info (12133): Instantiated megafunction "Simple22:cpu|altsyncram:instructions_rtl_0" with the following parameter:
    Info (12134): Parameter "OPERATION_MODE" = "DUAL_PORT"
    Info (12134): Parameter "WIDTH_A" = "32"
    Info (12134): Parameter "WIDTHAD_A" = "10"
    Info (12134): Parameter "NUMWORDS_A" = "1000"
    Info (12134): Parameter "WIDTH_B" = "32"
    Info (12134): Parameter "WIDTHAD_B" = "10"
    Info (12134): Parameter "NUMWORDS_B" = "1000"
    Info (12134): Parameter "ADDRESS_ACLR_A" = "NONE"
    Info (12134): Parameter "OUTDATA_REG_B" = "UNREGISTERED"
    Info (12134): Parameter "ADDRESS_ACLR_B" = "NONE"
    Info (12134): Parameter "OUTDATA_ACLR_B" = "NONE"
    Info (12134): Parameter "ADDRESS_REG_B" = "CLOCK1"
    Info (12134): Parameter "INDATA_ACLR_A" = "NONE"
    Info (12134): Parameter "WRCONTROL_ACLR_A" = "NONE"
Info (12021): Found 1 design units, including 1 entities, in source file db/altsyncram_48d1.tdf
    Info (12023): Found entity 1: altsyncram_48d1 File: D:/Programming/HDL/Verilog/Simple22/Simple22-Verilog/db/altsyncram_48d1.tdf Line: 27
Info (12130): Elaborated megafunction instantiation "Simple22:cpu|altsyncram:RAM_rtl_0"
Info (12133): Instantiated megafunction "Simple22:cpu|altsyncram:RAM_rtl_0" with the following parameter:
    Info (12134): Parameter "OPERATION_MODE" = "DUAL_PORT"
    Info (12134): Parameter "WIDTH_A" = "32"
    Info (12134): Parameter "WIDTHAD_A" = "10"
    Info (12134): Parameter "NUMWORDS_A" = "1000"
    Info (12134): Parameter "WIDTH_B" = "32"
    Info (12134): Parameter "WIDTHAD_B" = "10"
    Info (12134): Parameter "NUMWORDS_B" = "1000"
    Info (12134): Parameter "ADDRESS_ACLR_A" = "NONE"
    Info (12134): Parameter "OUTDATA_REG_B" = "UNREGISTERED"
    Info (12134): Parameter "ADDRESS_ACLR_B" = "NONE"
    Info (12134): Parameter "OUTDATA_ACLR_B" = "NONE"
    Info (12134): Parameter "ADDRESS_REG_B" = "CLOCK0"
    Info (12134): Parameter "INDATA_ACLR_A" = "NONE"
    Info (12134): Parameter "WRCONTROL_ACLR_A" = "NONE"
    Info (12134): Parameter "READ_DURING_WRITE_MODE_MIXED_PORTS" = "OLD_DATA"
Info (12021): Found 1 design units, including 1 entities, in source file db/altsyncram_u4h1.tdf
    Info (12023): Found entity 1: altsyncram_u4h1 File: D:/Programming/HDL/Verilog/Simple22/Simple22-Verilog/db/altsyncram_u4h1.tdf Line: 27
Info (12130): Elaborated megafunction instantiation "Simple22:cpu|lpm_mult:Mult0" File: D:/Programming/HDL/Verilog/Simple22/Simple22-Verilog/Simple22.v Line: 41
Info (12133): Instantiated megafunction "Simple22:cpu|lpm_mult:Mult0" with the following parameter: File: D:/Programming/HDL/Verilog/Simple22/Simple22-Verilog/Simple22.v Line: 41
    Info (12134): Parameter "LPM_WIDTHA" = "32"
    Info (12134): Parameter "LPM_WIDTHB" = "32"
    Info (12134): Parameter "LPM_WIDTHP" = "64"
    Info (12134): Parameter "LPM_WIDTHR" = "64"
    Info (12134): Parameter "LPM_WIDTHS" = "1"
    Info (12134): Parameter "LPM_REPRESENTATION" = "UNSIGNED"
    Info (12134): Parameter "INPUT_A_IS_CONSTANT" = "NO"
    Info (12134): Parameter "INPUT_B_IS_CONSTANT" = "NO"
    Info (12134): Parameter "MAXIMIZE_SPEED" = "5"
Info (12021): Found 1 design units, including 1 entities, in source file db/mult_7dt.tdf
    Info (12023): Found entity 1: mult_7dt File: D:/Programming/HDL/Verilog/Simple22/Simple22-Verilog/db/mult_7dt.tdf Line: 30
Info (12130): Elaborated megafunction instantiation "Simple22:cpu|lpm_divide:Div0" File: D:/Programming/HDL/Verilog/Simple22/Simple22-Verilog/Simple22.v Line: 42
Info (12133): Instantiated megafunction "Simple22:cpu|lpm_divide:Div0" with the following parameter: File: D:/Programming/HDL/Verilog/Simple22/Simple22-Verilog/Simple22.v Line: 42
    Info (12134): Parameter "LPM_WIDTHN" = "32"
    Info (12134): Parameter "LPM_WIDTHD" = "32"
    Info (12134): Parameter "LPM_NREPRESENTATION" = "UNSIGNED"
    Info (12134): Parameter "LPM_DREPRESENTATION" = "UNSIGNED"
Info (12021): Found 1 design units, including 1 entities, in source file db/lpm_divide_hkm.tdf
    Info (12023): Found entity 1: lpm_divide_hkm File: D:/Programming/HDL/Verilog/Simple22/Simple22-Verilog/db/lpm_divide_hkm.tdf Line: 24
Info (12021): Found 1 design units, including 1 entities, in source file db/sign_div_unsign_9nh.tdf
    Info (12023): Found entity 1: sign_div_unsign_9nh File: D:/Programming/HDL/Verilog/Simple22/Simple22-Verilog/db/sign_div_unsign_9nh.tdf Line: 24
Info (12021): Found 1 design units, including 1 entities, in source file db/alt_u_div_6af.tdf
    Info (12023): Found entity 1: alt_u_div_6af File: D:/Programming/HDL/Verilog/Simple22/Simple22-Verilog/db/alt_u_div_6af.tdf Line: 26
Info (12021): Found 1 design units, including 1 entities, in source file db/add_sub_7pc.tdf
    Info (12023): Found entity 1: add_sub_7pc File: D:/Programming/HDL/Verilog/Simple22/Simple22-Verilog/db/add_sub_7pc.tdf Line: 22
Info (12021): Found 1 design units, including 1 entities, in source file db/add_sub_8pc.tdf
    Info (12023): Found entity 1: add_sub_8pc File: D:/Programming/HDL/Verilog/Simple22/Simple22-Verilog/db/add_sub_8pc.tdf Line: 22
Warning (14284): Synthesized away the following node(s):
    Warning (14285): Synthesized away the following DSP element node(s):
        Warning (14320): Synthesized away node "Simple22:cpu|lpm_mult:Mult0|mult_7dt:auto_generated|mac_mult7" File: D:/Programming/HDL/Verilog/Simple22/Simple22-Verilog/db/mult_7dt.tdf Line: 66
        Warning (14320): Synthesized away node "Simple22:cpu|lpm_mult:Mult0|mult_7dt:auto_generated|mac_out8" File: D:/Programming/HDL/Verilog/Simple22/Simple22-Verilog/db/mult_7dt.tdf Line: 90
Info (13014): Ignored 84 buffer(s)
    Info (13019): Ignored 84 SOFT buffer(s)
Info (286030): Timing-Driven Synthesis is running
Critical Warning (18061): Ignored Power-Up Level option on the following registers
    Critical Warning (18010): Register Simple22:cpu|outputByteIndex[2] will power up to Low File: D:/Programming/HDL/Verilog/Simple22/Simple22-Verilog/Simple22.v Line: 85
    Critical Warning (18010): Register Simple22:cpu|outputByteIndex[1] will power up to Low File: D:/Programming/HDL/Verilog/Simple22/Simple22-Verilog/Simple22.v Line: 85
Info (17049): 4 registers lost all their fanouts during netlist optimizations.
Info (144001): Generated suppressed messages file D:/Programming/HDL/Verilog/Simple22/Simple22-Verilog/output_files/IO_Handler.map.smsg
Info (16010): Generating hard_block partition "hard_block:auto_generated_inst"
    Info (16011): Adding 0 node(s), including 0 DDIO, 0 PLL, 0 transceiver and 0 LCELL
Info (21057): Implemented 2845 device resources after synthesis - the final resource count might be different
    Info (21058): Implemented 2 input pins
    Info (21059): Implemented 1 output pins
    Info (21061): Implemented 2772 logic cells
    Info (21064): Implemented 64 RAM segments
    Info (21062): Implemented 6 DSP elements
Info: Quartus Prime Analysis & Synthesis was successful. 0 errors, 23 warnings
    Info: Peak virtual memory: 4803 megabytes
    Info: Processing ended: Thu May 23 14:59:17 2024
    Info: Elapsed time: 00:00:20
    Info: Total CPU time (on all processors): 00:00:35


+------------------------------------------+
; Analysis & Synthesis Suppressed Messages ;
+------------------------------------------+
The suppressed messages can be found in D:/Programming/HDL/Verilog/Simple22/Simple22-Verilog/output_files/IO_Handler.map.smsg.


